<?xml version="1.0" encoding="UTF-8"?>
<testsuite xmlns:xsi="http://www.w3.org/2001/XMLSchema-instance" xsi:noNamespaceSchemaLocation="https://maven.apache.org/surefire/maven-surefire-plugin/xsd/surefire-test-report-3.0.xsd" version="3.0" name="com.example.demo.LanguageManagementApplicationTests" time="6.275" tests="1" errors="0" skipped="0" failures="0">
  <properties>
[...]
</properties>
  <testcase name="contextLoads" classname="com.example.demo.LanguageManagementApplicationTests" time="1.389">
    <system-out><![CDATA[12:27:28.173 [main] INFO org.springframework.test.context.support.AnnotationConfigContextLoaderUtils -- Could not detect default configuration classes for test class [com.example.demo.LanguageManagementApplicationTests]: LanguageManagementApplicationTests does not declare any static, non-private, non-final, nested classes annotated with @Configuration.
12:27:28.414 [main] INFO org.springframework.boot.test.context.SpringBootTestContextBootstrapper -- Found @SpringBootConfiguration com.example.demo.LangMangApplication for test class com.example.demo.LanguageManagementApplicationTests

  .   ____          _            __ _ _
 /\\ / ___'_ __ _ _(_)_ __  __ _ \ \ \ \
( ( )\___ | '_ | '_| | '_ \/ _` | \ \ \ \
 \\/  ___)| |_)| | | | | || (_| |  ) ) ) )
  '  |____| .__|_| |_|_| |_\__, | / / / /
 =========|_|==============|___/=/_/_/_/

 :: Spring Boot ::                (v3.3.5)

2024-11-18T12:27:29.531+01:00  INFO 5112 --- [LanguageManagement] [           main] c.e.d.LanguageManagementApplicationTests : Starting LanguageManagementApplicationTests using Java 22 with PID 5112 (started by klaud in C:\Users\klaud\Desktop\backend-projects\lang-mang)
2024-11-18T12:27:29.533+01:00  INFO 5112 --- [LanguageManagement] [           main] c.e.d.LanguageManagementApplicationTests : No active profile set, falling back to 1 default profile: "default"
2024-11-18T12:27:31.464+01:00  WARN 5112 --- [LanguageManagement] [           main] .s.s.UserDetailsServiceAutoConfiguration : 

Using generated security password: 9ef6a4e0-39ad-469d-b0c5-9c327f7f2bf5

This generated password is for development use only. Your security configuration must be updated before running your application in production.

2024-11-18T12:27:31.527+01:00  INFO 5112 --- [LanguageManagement] [           main] r$InitializeUserDetailsManagerConfigurer : Global AuthenticationManager configured with UserDetailsService bean with name inMemoryUserDetailsManager
2024-11-18T12:27:32.583+01:00  INFO 5112 --- [LanguageManagement] [           main] c.e.d.LanguageManagementApplicationTests : Started LanguageManagementApplicationTests in 3.769 seconds (process running for 6.346)
]]></system-out>
    <system-err><![CDATA[WARNING: A Java agent has been loaded dynamically (C:\Users\klaud\.m2\repository\net\bytebuddy\byte-buddy-agent\1.14.19\byte-buddy-agent-1.14.19.jar)
WARNING: If a serviceability tool is in use, please run with -XX:+EnableDynamicAgentLoading to hide this warning
WARNING: If a serviceability tool is not in use, please run with -Djdk.instrument.traceUsage for more information
WARNING: Dynamic loading of agents will be disallowed by default in a future release
]]></system-err>
  </testcase>
</testsuite>