<?xml version="1.0" encoding="UTF-8"?>
<testsuite xmlns:xsi="http://www.w3.org/2001/XMLSchema-instance" xsi:noNamespaceSchemaLocation="https://maven.apache.org/surefire/maven-surefire-plugin/xsd/surefire-test-report-3.0.xsd" version="3.0" name="com.example.demo.LanguageManagementApplicationTests" time="7.403" tests="1" errors="0" skipped="0" failures="0">
  <properties>
[...]
</properties>
  <testcase name="contextLoads" classname="com.example.demo.LanguageManagementApplicationTests" time="1.711">
    <system-out><![CDATA[09:39:20.545 [main] INFO org.springframework.test.context.support.AnnotationConfigContextLoaderUtils -- Could not detect default configuration classes for test class [com.example.demo.LanguageManagementApplicationTests]: LanguageManagementApplicationTests does not declare any static, non-private, non-final, nested classes annotated with @Configuration.
09:39:20.727 [main] INFO org.springframework.boot.test.context.SpringBootTestContextBootstrapper -- Found @SpringBootConfiguration com.example.demo.LangMangApplication for test class com.example.demo.LanguageManagementApplicationTests

  .   ____          _            __ _ _
 /\\ / ___'_ __ _ _(_)_ __  __ _ \ \ \ \
( ( )\___ | '_ | '_| | '_ \/ _` | \ \ \ \
 \\/  ___)| |_)| | | | | || (_| |  ) ) ) )
  '  |____| .__|_| |_|_| |_\__, | / / / /
 =========|_|==============|___/=/_/_/_/

 :: Spring Boot ::                (v3.3.5)

2024-12-03T09:39:21.708+01:00  INFO 16708 --- [LanguageManagement] [           main] c.e.d.LanguageManagementApplicationTests : Starting LanguageManagementApplicationTests using Java 17.0.11 with PID 16708 (started by klaud in C:\Users\klaud\Desktop\backend-projects\lang-mang)
2024-12-03T09:39:21.711+01:00  INFO 16708 --- [LanguageManagement] [           main] c.e.d.LanguageManagementApplicationTests : No active profile set, falling back to 1 default profile: "default"
2024-12-03T09:39:24.673+01:00  WARN 16708 --- [LanguageManagement] [           main] .s.s.UserDetailsServiceAutoConfiguration : 

Using generated security password: dd57474d-07e3-499e-b1cb-b7f51a5d738a

This generated password is for development use only. Your security configuration must be updated before running your application in production.

2024-12-03T09:39:24.699+01:00  INFO 16708 --- [LanguageManagement] [           main] r$InitializeUserDetailsManagerConfigurer : Global AuthenticationManager configured with UserDetailsService bean with name inMemoryUserDetailsManager
2024-12-03T09:39:25.898+01:00  INFO 16708 --- [LanguageManagement] [           main] c.e.d.LanguageManagementApplicationTests : Started LanguageManagementApplicationTests in 4.871 seconds (process running for 6.629)
]]></system-out>
  </testcase>
</testsuite>